

*******************************************************************************
Mon Jun  6 11:30:09 2016


FIT:    data read from "time_matrix_cpp.log"
        format = z
        #datapoints = 942
        residuals are weighted equally (unit weight)

function used for fitting: f(x)
fitted parameters initialized with current variable values



 Iteration 0
 WSSR        : 9.36792e+19       delta(WSSR)/WSSR   : 0
 delta(WSSR) : 0                 limit for stopping : 1e-05
 lambda	  : 3.15352e+08

initial set of free parameter values

a               = 1

After 4 iterations the fit converged.
final sum of squares of residuals : 543.277
rel. change during last iteration : -2.47138e-13

degrees of freedom    (FIT_NDF)                        : 941
rms of residuals      (FIT_STDFIT) = sqrt(WSSR/ndf)    : 0.759829
variance of residuals (reduced chisquare) = WSSR/ndf   : 0.57734

Final set of parameters            Asymptotic Standard Error
=======================            ==========================

a               = 3.96539e-08      +/- 7.85e-11     (0.198%)


correlation matrix of the fit parameters:

               a      
a               1.000 
