4.05312e-06
1.90735e-06
3.09944e-06
3.09944e-06
5.00679e-06
8.10623e-06
1.00136e-05
1.5974e-05
2.21729e-05
2.7895e-05
3.79086e-05
4.69685e-05
6.00815e-05
7.39098e-05
9.10759e-05
0.000111103
0.000133038
0.000156164
0.000184059
0.000213861
0.000247002
0.000286102
0.000324011
0.000368118
0.000414133
0.000468016
0.000609875
0.000583887
0.000653982
0.000717878
0.000806808
0.000872135
0.000951052
0.00104403
0.00114584
0.00123692
0.00135088
0.00170088
0.00158596
0.001719
0.0018301
0.00199413
0.0021131
0.00227594
0.00242186
0.00260496
0.00276303
0.00292993
0.0031352
0.00333595
0.00353003
0.00373292
0.00396609
0.00419497
0.00443792
0.00468993
0.00509501
0.00523496
0.005476
0.00574493
0.00603724
0.00637293
0.00689721
0.00706816
0.00733805
0.00765705
0.00805593
0.00841904
0.00879097
0.00918484
0.00956702
0.0100269
0.010442
0.0108318
0.0113182
0.0117729
0.0122142
0.0127368
0.013196
0.0137329
0.0142231
0.0148201
0.0152988
0.0158381
0.0164459
0.0170059
0.0176129
0.0182819
0.0190718
0.0194621
0.02019
0.0208831
0.0215569
0.0221789
0.022824
0.02356
0.0243068
0.02509
0.0260839
0.026865
0.0276258
0.028389
0.0293291
0.0300779
0.03091
0.031806
0.0326741
0.0338809
0.0355551
0.035588
0.0365889
0.0375888
0.0386181
0.039639
0.040611
0.041739
0.0427999
0.0438678
0.0451059
0.0462072
0.0570881
0.048779
0.0522752
0.053833
0.0551031
0.0560749
0.0605271
0.0571501
0.0576301
0.0601079
0.0632689
0.0612218
0.062403
0.0639398
0.065578
0.0675831
0.0684042
0.0698011
0.0712919
0.0727961
0.0745039
0.0764701
0.078917
0.0833759
0.0810552
0.0826259
0.0843079
0.0861309
0.08776
0.0896091
0.0914822
0.0941961
0.099016
0.097286
0.106311
0.102468
0.103793
0.10602
0.107356
0.109598
0.111588
0.114004
0.121506
0.117753
0.120603
0.123885
0.13658
0.129956
0.131924
0.133783
0.180814
0.172833
0.138352
0.141401
0.148358
0.155146
0.153014
0.159548
0.153907
0.15535
0.176917
0.164995
0.164319
0.193249
0.177794
0.199064
0.189085
0.216188
0.205631
0.208106
0.187362
0.190347
0.193786
0.240413
0.238783
0.202917
0.206218
0.212526
0.286816
0.273026
0.345958
0.256125
0.399372
0.256568
0.322149
0.38376
0.484595
0.416988
0.429195
0.415703
0.534873
0.495835
0.380136
0.328967
0.377739
0.29899
0.318999
0.336932
0.302511
0.297784
0.330688
0.321322
0.380278
0.405306
0.328833
0.320641
0.393079
0.401502
0.426649
0.450216
0.378394
0.396028
0.3901
0.385893
0.350875
0.364934
0.386159
0.368832
0.376735
0.398934
0.381426
0.393796
0.428108
0.471103
0.442964
0.434263
0.479243
0.456284
0.47057
0.508861
0.47286
0.458989
0.469472
0.545162
0.470099
0.453827
0.461403
0.46243
0.470235
0.477516
0.481342
0.502018
0.500865
0.498896
0.510746
0.510471
0.539385
0.5865
0.725637
0.789225
0.674061
0.863093
0.666046
0.651329
0.741845
0.690082
0.630976
0.591524
0.591457
0.597902
0.686584
0.664587
0.786674
0.709132
0.72045
0.740017
0.682263
0.753008
0.774461
0.704567
0.683391
0.698389
0.691677
0.69096
0.716288
0.740731
0.720499
0.732656
0.753197
0.766228
0.762053
0.753869
0.767163
0.794884
0.785537
0.790113
0.793125
0.801769
0.808166
1.46102
1.12549
0.848543
0.849677
0.890669
0.930775
1.19133
0.947181
0.95528
0.930285
0.906612
0.914811
0.918468
0.933169
0.950538
0.951876
0.958988
1.05194
1.06764
1.09881
1.0197
1.07535
1.13847
1.11299
1.02615
1.09605
1.10807
1.28588
1.22112
1.1418
1.14041
1.12395
1.13497
1.15309
1.19583
1.14571
1.16155
1.26556
1.27326
1.28735
1.29368
1.24335
1.25842
1.26558
1.2824
1.26445
1.27933
1.59315
1.48497
1.45154
1.51962
1.78596
1.44446
1.57618
1.87044
1.85032
1.88662
2.39392
1.97408
2.09967
2.00463
2.37806
1.75486
1.83257
1.69303
1.77569
1.94102
2.02691
2.56491
1.82562
1.80247
1.82763
1.86359
1.75793
1.80698
1.92971
1.83815
1.79485
1.91739
1.97895
1.82798
1.78209
1.81251
1.82376
1.85087
1.97082
1.91982
1.89327
1.93254
1.96997
2.13814
2.39196
2.76152
2.77764
2.62631
2.24536
2.0857
2.21471
2.21999
2.20359
2.15625
2.16395
2.19264
2.18694
2.22026
2.32908
2.29116
2.31287
2.29879
2.42982
2.47437
2.46928
2.7104
2.50019
2.42982
2.54346
2.62772
2.49902
2.64416
2.57878
2.92895
2.58851
2.58394
2.68722
3.13893
2.98197
2.75174
2.68121
2.75921
2.83612
2.82033
2.93025
2.78323
2.71014
2.8026
2.72806
2.75955
3.08167
3.0536
2.93579
2.94072
2.95924
3.00188
3.0799
3.1644
3.50404
3.12312
3.13291
3.23304
3.15877
3.44703
3.22214
3.35137
3.28563
3.27924
3.42814
3.35881
3.38321
3.36459
3.40357
3.42775
3.57689
3.6031
3.64285
3.55522
3.5821
3.4385
3.60429
3.61526
3.69884
3.69893
3.78657
3.86753
3.75783
3.77387
3.94082
3.93165
3.8878
3.97893
3.97841
3.9472
4.14671
3.98592
3.99244
4.1374
4.09077
4.11837
4.44659
4.60481
4.17355
4.18345
4.24701
4.35588
4.40319
4.37236
4.35188
4.35181
4.0269
4.21519
4.52415
4.18015
4.49065
4.57985
4.69263
4.84869
4.61918
4.62061
4.83349
4.74906
4.87571
5.15399
4.92568
5.06728
4.92991
4.99642
5.17241
5.21118
5.15632
5.08489
5.08016
5.52595
5.14646
5.39369
5.1557
5.27719
5.20403
5.35899
5.57346
5.80401
5.52138
5.60745
5.37769
5.39554
5.55944
5.65957
5.79423
5.74922
5.93717
5.98216
6.13676
6.7781
6.18521
6.14889
6.00293
6.04115
6.71005
6.86694
7.12358
6.92973
6.55639
6.13662
6.22778
6.31874
6.29686
6.44056
6.6351
6.60132
6.42106
6.6149
6.65108
6.52729
6.31668
6.41386
6.15179
6.84996
6.95443
7.10098
6.80156
6.95723
7.12104
6.99744
7.16496
7.09114
7.19694
7.30692
7.23381
7.77585
7.3932
7.57432
7.40039
7.18291
7.38803
7.46899
7.33446
7.51996
7.56251
7.62122
7.77394
7.82217
8.25284
7.81735
7.84689
7.84909
7.64288
7.84145
8.05737
7.69526
8.09462
8.06833
8.0991
8.10234
8.41803
8.35502
8.76963
8.38947
8.61757
8.52345
9.04753
8.49034
8.47594
8.68402
8.9261
8.86905
9.16498
9.0358
8.83781
9.09884
8.94463
9.10159
9.59697
9.87783
9.17899
9.18283
9.66486
9.64017
10.2775
9.09561
8.72675
8.71557
9.64335
9.57445
9.5194
9.5927
9.68463
9.8322
9.8542
9.8589
9.85069
10.3521
9.69949
10.0266
10.0513
10.1326
10.2795
10.5861
10.4231
10.6779
10.5106
10.2718
10.6452
10.9619
10.6542
10.8616
10.8371
11.0215
10.934
11.0953
10.867
10.5761
10.9494
10.9245
11.1097
11.1179
11.6297
11.4379
11.8045
11.8112
11.5381
11.6604
11.7915
11.7436
11.8791
11.8237
11.9025
11.9104
12.2407
12.8171
12.2819
12.155
12.265
12.6566
12.2101
12.247
12.4039
12.5349
12.4196
12.7588
12.5601
12.7774
12.581
12.7181
12.0818
12.4056
13.4768
13.0749
13.4814
13.3344
13.3263
13.3339
13.7463
13.4846
15.5138
14.1999
13.8094
13.605
13.5726
13.9317
13.8447
13.8818
14.1969
13.9754
14.1281
14.0573
14.6429
14.2385
14.3761
14.3812
14.7092
14.4638
14.5927
14.8355
14.8939
14.5917
14.2625
15.3466
15.2049
15.0952
15.4702
15.5439
15.6459
15.4907
15.6915
15.2221
15.6698
15.7338
15.4733
15.7436
16.1065
15.8867
15.896
16.1823
16.2334
16.2963
18.4777
16.3287
16.5129
16.59
16.7095
16.5157
16.5159
17.0547
16.669
17.2974
15.9143
15.6156
16.0039
15.6264
17.8297
18.3952
17.6289
17.4412
18.5537
17.648
17.5238
18.2399
17.9512
17.9054
17.8724
17.8162
18.2904
18.5449
18.3918
18.4226
18.4506
18.4543
18.6235
18.8268
18.7561
18.7939
19.1978
19.0727
19.1693
18.9807
19.157
19.4627
20.1812
18.4435
18.6521
19.0879
19.5443
19.9134
20.8348
20.0998
20.0452
19.9769
20.6625
20.1397
20.8958
20.7592
20.9293
20.9451
21.0168
20.9192
20.9054
21.3325
21.0264
20.9419
21.8495
21.3129
21.3991
22.7643
24.6666
23.9751
23.3746
23.242
21.9118
23.4752
21.4158
23.5077
21.9041
21.8992
24.3072
24.4608
22.9645
22.8526
23.4322
30.9277
24.3274
23.1634
25.5138
25.3664
23.2066
23.7289
23.4609
24.2608
23.6109
23.5466
23.9969
24.3351
24.4475
24.3534
24.521
24.6283
25.4381
24.6379
24.8693
25.1869
25.4218
25.0992
24.262
23.7102
24.1743
24.2145
25.6101
25.8584
25.4581
26.1712
27.556
27.0902
27.1416
25.5403
26.05
26.6297
26.3438
26.5728
26.1458
26.6678
29.4842
28.1586
26.9774
27.6447
27.4627
28.1686
31.087
27.81
27.927
28.0803
28.2098
29.1306
29.4861
28.4603
26.6064
26.2548
26.8418
26.9068
30.833
31.9737
30.2147
28.7682
29.818
29.199
29.8741
29.6473
29.1113
29.3262
29.8176
29.6808
29.4807
28.948
29.7149
29.3448
30.2155
30.2018
30.2856
30.7796
31.2064
30.9166
33.7799
31.5408
31.8914
31.1032
31.0163
31.5912
30.5332
31.4183
30.9041
31.1759
32.2287
32.5343
32.4787
32.7255
33.7999
32.8129
32.2724
32.2208
32.5274
33.8946
33.0636
34.5504
34.5053
33.8035
37.055
43.4446
